16:01:21: Creating resource group General
16:01:21: Creating resource group Internal
16:01:21: Creating resource group Autodetect
16:01:21: SceneManagerFactory for type 'DefaultSceneManager' registered.
16:01:21: Registering ResourceManager for type Material
16:01:21: Registering ResourceManager for type Mesh
16:01:21: Registering ResourceManager for type Skeleton
16:01:21: MovableObjectFactory for type 'ParticleSystem' registered.
16:01:21: OverlayElementFactory for type Panel registered.
16:01:21: OverlayElementFactory for type BorderPanel registered.
16:01:21: OverlayElementFactory for type TextArea registered.
16:01:21: Registering ResourceManager for type Font
16:01:21: ArchiveFactory for archive type FileSystem registered.
16:01:21: ArchiveFactory for archive type Zip registered.
16:01:21: DDS codec registering
16:01:21: FreeImage version: 3.13.1
16:01:21: This program uses FreeImage, a free, open source image library supporting all common bitmap formats. See http://freeimage.sourceforge.net for details
16:01:21: Supported formats: bmp,ico,jpg,jif,jpeg,jpe,jng,koa,iff,lbm,mng,pbm,pbm,pcd,pcx,pgm,pgm,png,ppm,ppm,ras,tga,targa,tif,tiff,wap,wbmp,wbm,psd,cut,xbm,xpm,gif,hdr,g3,sgi,exr,j2k,j2c,jp2,pfm,pct,pict,pic,bay,bmq,cr2,crw,cs1,dc2,dcr,dng,erf,fff,hdr,k25,kdc,mdc,mos,mrw,nef,orf,pef,pxn,raf,raw,rdc,sr2,srf,arw,3fr,cine,ia,kc2,mef,nrw,qtk,rw2,sti,drf,dsc,ptx,cap,iiq,rwz
16:01:21: Registering ResourceManager for type HighLevelGpuProgram
16:01:21: Registering ResourceManager for type Compositor
16:01:21: MovableObjectFactory for type 'Entity' registered.
16:01:21: MovableObjectFactory for type 'Light' registered.
16:01:21: MovableObjectFactory for type 'BillboardSet' registered.
16:01:21: MovableObjectFactory for type 'ManualObject' registered.
16:01:21: MovableObjectFactory for type 'BillboardChain' registered.
16:01:21: MovableObjectFactory for type 'RibbonTrail' registered.
16:01:21: *-*-* OGRE Initialising
16:01:21: *-*-* Version 1.7.2 (Cthugha)
16:01:21: Loading library RenderSystem_Direct3D9.dll
16:01:21: Installing plugin: D3D9 RenderSystem
16:01:21: D3D9 : Direct3D9 Rendering Subsystem created.
16:01:21: D3D9: Driver Detection Starts
16:01:21: D3D9: Driver Detection Ends
16:01:21: Plugin successfully installed
16:01:21: D3D9 : RenderSystem Option: Video Mode = 100x30
16:01:21: D3D9 : RenderSystem Option: Full Screen = No
16:01:21: D3D9 : RenderSystem Option: Floating-point mode = Consistent
16:01:21: CPU Identifier & Features
16:01:21: -------------------------
16:01:21:  *   CPU ID: GenuineIntel: Intel(R) Core(TM) i7-4790K CPU @ 4.00GHz
16:01:21:  *      SSE: yes
16:01:21:  *     SSE2: yes
16:01:21:  *     SSE3: yes
16:01:21:  *      MMX: yes
16:01:21:  *   MMXEXT: yes
16:01:21:  *    3DNOW: no
16:01:21:  * 3DNOWEXT: no
16:01:21:  *     CMOV: yes
16:01:21:  *      TSC: yes
16:01:21:  *      FPU: yes
16:01:21:  *      PRO: yes
16:01:21:  *       HT: no
16:01:21: -------------------------
16:01:21: D3D9 : Subsystem Initialising
16:01:21: Registering ResourceManager for type Texture
16:01:21: Registering ResourceManager for type GpuProgram
16:01:21: ***************************************
16:01:21: *** D3D9 : Subsystem Initialised OK ***
16:01:21: ***************************************
16:01:21: D3D9RenderSystem::_createRenderWindow "QOgreWidget_RenderWindow", 2560x1436 windowed  miscParams: parentWindowHandle=1050778 
16:01:21: D3D9 : Created D3D9 Rendering Window 'QOgreWidget_RenderWindow' : 2560x1436, 32bpp
16:01:21: D3D9 : WARNING - disabling VSync in windowed mode can cause timing issues at lower frame rates, turn VSync on if you observe this problem.
16:01:21: D3D9: Vertex texture format supported - PF_A8R8G8B8
16:01:21: D3D9: Vertex texture format supported - PF_B8G8R8A8
16:01:21: D3D9: Vertex texture format supported - PF_FLOAT16_RGB
16:01:21: D3D9: Vertex texture format supported - PF_FLOAT16_RGBA
16:01:21: D3D9: Vertex texture format supported - PF_FLOAT32_RGB
16:01:21: D3D9: Vertex texture format supported - PF_FLOAT32_RGBA
16:01:21: D3D9: Vertex texture format supported - PF_R8G8B8A8
16:01:21: D3D9: Vertex texture format supported - PF_DEPTH
16:01:21: D3D9: Vertex texture format supported - PF_FLOAT16_R
16:01:21: D3D9: Vertex texture format supported - PF_FLOAT32_R
16:01:21: D3D9: Vertex texture format supported - PF_FLOAT16_GR
16:01:21: D3D9: Vertex texture format supported - PF_FLOAT32_GR
16:01:21: D3D9: Vertex texture format supported - PF_PVRTC_RGB2
16:01:21: D3D9: Vertex texture format supported - PF_PVRTC_RGBA2
16:01:21: D3D9: Vertex texture format supported - PF_PVRTC_RGB4
16:01:21: D3D9: Vertex texture format supported - PF_PVRTC_RGBA4
16:01:21: RenderSystem capabilities
16:01:21: -------------------------
16:01:21: RenderSystem Name: Direct3D9 Rendering Subsystem
16:01:21: GPU Vendor: nvidia
16:01:21: Device Name: Monitor-1-NVIDIA GeForce GTX 760
16:01:21: Driver Version: 9.18.13.4475
16:01:21:  * Fixed function pipeline: yes
16:01:21:  * Hardware generation of mipmaps: yes
16:01:21:  * Texture blending: yes
16:01:21:  * Anisotropic texture filtering: yes
16:01:21:  * Dot product texture operation: yes
16:01:21:  * Cube mapping: yes
16:01:21:  * Hardware stencil buffer: yes
16:01:21:    - Stencil depth: 8
16:01:21:    - Two sided stencil support: yes
16:01:21:    - Wrap stencil values: yes
16:01:21:  * Hardware vertex / index buffers: yes
16:01:21:  * Vertex programs: yes
16:01:21:  * Number of floating-point constants for vertex programs: 256
16:01:21:  * Number of integer constants for vertex programs: 16
16:01:21:  * Number of boolean constants for vertex programs: 16
16:01:21:  * Fragment programs: yes
16:01:21:  * Number of floating-point constants for fragment programs: 224
16:01:21:  * Number of integer constants for fragment programs: 16
16:01:21:  * Number of boolean constants for fragment programs: 16
16:01:21:  * Geometry programs: no
16:01:21:  * Number of floating-point constants for geometry programs: 0
16:01:21:  * Number of integer constants for geometry programs: 0
16:01:21:  * Number of boolean constants for geometry programs: 0
16:01:21:  * Supported Shader Profiles: hlsl ps_1_1 ps_1_2 ps_1_3 ps_1_4 ps_2_0 ps_2_a ps_2_b ps_2_x ps_3_0 vs_1_1 vs_2_0 vs_2_a vs_2_x vs_3_0
16:01:21:  * Texture Compression: yes
16:01:21:    - DXT: yes
16:01:21:    - VTC: no
16:01:21:    - PVRTC: no
16:01:21:  * Scissor Rectangle: yes
16:01:21:  * Hardware Occlusion Query: yes
16:01:21:  * User clip planes: yes
16:01:21:  * VET_UBYTE4 vertex element type: yes
16:01:21:  * Infinite far plane projection: yes
16:01:21:  * Hardware render-to-texture: yes
16:01:21:  * Floating point textures: yes
16:01:21:  * Non-power-of-two textures: yes
16:01:21:  * Volume textures: yes
16:01:21:  * Multiple Render Targets: 4
16:01:21:    - With different bit depths: yes
16:01:21:  * Point Sprites: yes
16:01:21:  * Extended point parameters: yes
16:01:21:  * Max Point Size: 10
16:01:21:  * Vertex texture fetch: yes
16:01:21:  * Number of world matrices: 0
16:01:21:  * Number of texture units: 8
16:01:21:  * Stencil buffer depth: 8
16:01:21:  * Number of vertex blend matrices: 0
16:01:21:    - Max vertex textures: 4
16:01:21:    - Vertex textures shared: no
16:01:21:  * Render to Vertex Buffer : no
16:01:21:  * DirectX per stage constants: yes
16:01:21: DefaultWorkQueue('Root') initialising on thread main.
16:01:21: Particle Renderer Type 'billboard' registered
16:01:21: Creating resource group dim
16:01:21: Added resource location 'C:\Program Files (x86)\Development in Motion\BVHViewer 1.1\bin\release/../../resources/3d/env' of type 'FileSystem' to resource group 'dim'
16:01:21: Initialising resource group dim
16:01:21: Parsing scripts for resource group dim
16:01:21: Parsing script dim.material
16:01:21: Finished parsing scripts for resource group dim
16:01:21: Creating resource group stickskelmodels
16:01:21: Added resource location 'C:\Program Files (x86)\Development in Motion\BVHViewer 1.1\bin\release/../../resources/3d/stickskel/' of type 'FileSystem' to resource group 'stickskelmodels'
16:01:21: Initialising resource group stickskelmodels
16:01:21: Parsing scripts for resource group stickskelmodels
16:01:21: Parsing script stickskel.material
16:01:21: Finished parsing scripts for resource group stickskelmodels
16:01:21: Texture: floor.jpg: Loading 1 faces(PF_R8G8B8,512x512x1) with  hardware generated mipmaps from Image. Internal format is PF_X8R8G8B8,512x512x1.
16:01:21: Mesh: Loading sphere.mesh.
16:01:21: Texture: whitestripe.png: Loading 1 faces(PF_A8R8G8B8,600x600x1) with 9 generated mipmaps from Image. Internal format is PF_A8R8G8B8,600x600x1.
16:01:21: D3D9 Device 0x[096BE540] entered lost state
16:01:21: D3D9 : WARNING - disabling VSync in windowed mode can cause timing issues at lower frame rates, turn VSync on if you observe this problem.
16:01:21: !!! Direct3D Device successfully restored.
16:01:21: D3D9 device: 0x[096BE540] was reset16:44:42: Removed resource location C:\Program Files (x86)\Development in Motion\BVHViewer 1.1\bin\release/../../resources/3d/stickskel/
16:44:42: Destroying resource group stickskelmodels
16:44:42: Unloading resource group stickskelmodels
16:44:42: Finished unloading resource group stickskelmodels
16:44:42: DefaultWorkQueue('Root') shutting down on thread main.
16:44:42: *-*-* OGRE Shutdown
16:44:42: *-*-* OGRE Shutdown
16:44:42: Unregistering ResourceManager for type Compositor
16:44:42: Unregistering ResourceManager for type Font
16:44:42: Unregistering ResourceManager for type Skeleton
16:44:42: Unregistering ResourceManager for type Mesh
16:44:42: Unregistering ResourceManager for type HighLevelGpuProgram
16:44:42: Uninstalling plugin: D3D9 RenderSystem
16:44:42: D3D9 : Shutting down cleanly.
16:44:42: Unregistering ResourceManager for type Texture
16:44:42: Unregistering ResourceManager for type GpuProgram
16:44:42: D3D9 : Direct3D9 Rendering Subsystem destroyed.
16:44:42: Plugin successfully uninstalled
16:44:42: Unloading library RenderSystem_Direct3D9.dll
16:44:42: Unregistering ResourceManager for type Material

