10:50:04: Creating resource group General
10:50:04: Creating resource group Internal
10:50:04: Creating resource group Autodetect
10:50:04: SceneManagerFactory for type 'DefaultSceneManager' registered.
10:50:04: Registering ResourceManager for type Material
10:50:04: Registering ResourceManager for type Mesh
10:50:04: Registering ResourceManager for type Skeleton
10:50:04: MovableObjectFactory for type 'ParticleSystem' registered.
10:50:04: OverlayElementFactory for type Panel registered.
10:50:04: OverlayElementFactory for type BorderPanel registered.
10:50:04: OverlayElementFactory for type TextArea registered.
10:50:04: Registering ResourceManager for type Font
10:50:04: ArchiveFactory for archive type FileSystem registered.
10:50:04: ArchiveFactory for archive type Zip registered.
10:50:04: DDS codec registering
10:50:04: FreeImage version: 3.13.1
10:50:04: This program uses FreeImage, a free, open source image library supporting all common bitmap formats. See http://freeimage.sourceforge.net for details
10:50:04: Supported formats: bmp,ico,jpg,jif,jpeg,jpe,jng,koa,iff,lbm,mng,pbm,pbm,pcd,pcx,pgm,pgm,png,ppm,ppm,ras,tga,targa,tif,tiff,wap,wbmp,wbm,psd,cut,xbm,xpm,gif,hdr,g3,sgi,exr,j2k,j2c,jp2,pfm,pct,pict,pic,bay,bmq,cr2,crw,cs1,dc2,dcr,dng,erf,fff,hdr,k25,kdc,mdc,mos,mrw,nef,orf,pef,pxn,raf,raw,rdc,sr2,srf,arw,3fr,cine,ia,kc2,mef,nrw,qtk,rw2,sti,drf,dsc,ptx,cap,iiq,rwz
10:50:04: Registering ResourceManager for type HighLevelGpuProgram
10:50:04: Registering ResourceManager for type Compositor
10:50:04: MovableObjectFactory for type 'Entity' registered.
10:50:04: MovableObjectFactory for type 'Light' registered.
10:50:04: MovableObjectFactory for type 'BillboardSet' registered.
10:50:04: MovableObjectFactory for type 'ManualObject' registered.
10:50:04: MovableObjectFactory for type 'BillboardChain' registered.
10:50:04: MovableObjectFactory for type 'RibbonTrail' registered.
10:50:04: *-*-* OGRE Initialising
10:50:04: *-*-* Version 1.7.2 (Cthugha)
10:50:04: Loading library RenderSystem_Direct3D9.dll
10:50:04: Installing plugin: D3D9 RenderSystem
10:50:04: D3D9 : Direct3D9 Rendering Subsystem created.
10:50:04: D3D9: Driver Detection Starts
10:50:04: D3D9: Driver Detection Ends
10:50:04: Plugin successfully installed
10:50:04: D3D9 : RenderSystem Option: Video Mode = 100x30
10:50:04: D3D9 : RenderSystem Option: Full Screen = No
10:50:04: D3D9 : RenderSystem Option: Floating-point mode = Consistent
10:50:04: CPU Identifier & Features
10:50:04: -------------------------
10:50:04:  *   CPU ID: GenuineIntel: Intel(R) Core(TM) i7-4790K CPU @ 4.00GHz
10:50:04:  *      SSE: yes
10:50:04:  *     SSE2: yes
10:50:04:  *     SSE3: yes
10:50:04:  *      MMX: yes
10:50:04:  *   MMXEXT: yes
10:50:04:  *    3DNOW: no
10:50:04:  * 3DNOWEXT: no
10:50:04:  *     CMOV: yes
10:50:04:  *      TSC: yes
10:50:04:  *      FPU: yes
10:50:04:  *      PRO: yes
10:50:04:  *       HT: no
10:50:04: -------------------------
10:50:04: D3D9 : Subsystem Initialising
10:50:04: Registering ResourceManager for type Texture
10:50:04: Registering ResourceManager for type GpuProgram
10:50:04: ***************************************
10:50:04: *** D3D9 : Subsystem Initialised OK ***
10:50:04: ***************************************
10:50:04: D3D9RenderSystem::_createRenderWindow "QOgreWidget_RenderWindow", 2560x1436 windowed  miscParams: parentWindowHandle=2426320 
10:50:04: D3D9 : Created D3D9 Rendering Window 'QOgreWidget_RenderWindow' : 2560x1436, 32bpp
10:50:04: D3D9 : WARNING - disabling VSync in windowed mode can cause timing issues at lower frame rates, turn VSync on if you observe this problem.
10:50:04: D3D9: Vertex texture format supported - PF_A8R8G8B8
10:50:04: D3D9: Vertex texture format supported - PF_B8G8R8A8
10:50:04: D3D9: Vertex texture format supported - PF_FLOAT16_RGB
10:50:04: D3D9: Vertex texture format supported - PF_FLOAT16_RGBA
10:50:04: D3D9: Vertex texture format supported - PF_FLOAT32_RGB
10:50:04: D3D9: Vertex texture format supported - PF_FLOAT32_RGBA
10:50:04: D3D9: Vertex texture format supported - PF_R8G8B8A8
10:50:04: D3D9: Vertex texture format supported - PF_DEPTH
10:50:04: D3D9: Vertex texture format supported - PF_FLOAT16_R
10:50:04: D3D9: Vertex texture format supported - PF_FLOAT32_R
10:50:04: D3D9: Vertex texture format supported - PF_FLOAT16_GR
10:50:04: D3D9: Vertex texture format supported - PF_FLOAT32_GR
10:50:04: D3D9: Vertex texture format supported - PF_PVRTC_RGB2
10:50:04: D3D9: Vertex texture format supported - PF_PVRTC_RGBA2
10:50:04: D3D9: Vertex texture format supported - PF_PVRTC_RGB4
10:50:04: D3D9: Vertex texture format supported - PF_PVRTC_RGBA4
10:50:04: RenderSystem capabilities
10:50:04: -------------------------
10:50:04: RenderSystem Name: Direct3D9 Rendering Subsystem
10:50:04: GPU Vendor: nvidia
10:50:04: Device Name: Monitor-1-NVIDIA GeForce GTX 760
10:50:04: Driver Version: 9.18.13.4475
10:50:04:  * Fixed function pipeline: yes
10:50:04:  * Hardware generation of mipmaps: yes
10:50:04:  * Texture blending: yes
10:50:04:  * Anisotropic texture filtering: yes
10:50:04:  * Dot product texture operation: yes
10:50:04:  * Cube mapping: yes
10:50:04:  * Hardware stencil buffer: yes
10:50:04:    - Stencil depth: 8
10:50:04:    - Two sided stencil support: yes
10:50:04:    - Wrap stencil values: yes
10:50:04:  * Hardware vertex / index buffers: yes
10:50:04:  * Vertex programs: yes
10:50:04:  * Number of floating-point constants for vertex programs: 256
10:50:04:  * Number of integer constants for vertex programs: 16
10:50:04:  * Number of boolean constants for vertex programs: 16
10:50:04:  * Fragment programs: yes
10:50:04:  * Number of floating-point constants for fragment programs: 224
10:50:04:  * Number of integer constants for fragment programs: 16
10:50:04:  * Number of boolean constants for fragment programs: 16
10:50:04:  * Geometry programs: no
10:50:04:  * Number of floating-point constants for geometry programs: 0
10:50:04:  * Number of integer constants for geometry programs: 0
10:50:04:  * Number of boolean constants for geometry programs: 0
10:50:04:  * Supported Shader Profiles: hlsl ps_1_1 ps_1_2 ps_1_3 ps_1_4 ps_2_0 ps_2_a ps_2_b ps_2_x ps_3_0 vs_1_1 vs_2_0 vs_2_a vs_2_x vs_3_0
10:50:04:  * Texture Compression: yes
10:50:04:    - DXT: yes
10:50:04:    - VTC: no
10:50:04:    - PVRTC: no
10:50:04:  * Scissor Rectangle: yes
10:50:04:  * Hardware Occlusion Query: yes
10:50:04:  * User clip planes: yes
10:50:04:  * VET_UBYTE4 vertex element type: yes
10:50:04:  * Infinite far plane projection: yes
10:50:04:  * Hardware render-to-texture: yes
10:50:04:  * Floating point textures: yes
10:50:04:  * Non-power-of-two textures: yes
10:50:04:  * Volume textures: yes
10:50:04:  * Multiple Render Targets: 4
10:50:04:    - With different bit depths: yes
10:50:04:  * Point Sprites: yes
10:50:04:  * Extended point parameters: yes
10:50:04:  * Max Point Size: 10
10:50:04:  * Vertex texture fetch: yes
10:50:04:  * Number of world matrices: 0
10:50:04:  * Number of texture units: 8
10:50:04:  * Stencil buffer depth: 8
10:50:04:  * Number of vertex blend matrices: 0
10:50:04:    - Max vertex textures: 4
10:50:04:    - Vertex textures shared: no
10:50:04:  * Render to Vertex Buffer : no
10:50:04:  * DirectX per stage constants: yes
10:50:04: DefaultWorkQueue('Root') initialising on thread main.
10:50:04: Particle Renderer Type 'billboard' registered
10:50:04: Creating resource group dim
10:50:04: Added resource location 'C:\Program Files (x86)\Development in Motion\BVHViewer 1.1\bin\release/../../resources/3d/env' of type 'FileSystem' to resource group 'dim'
10:50:04: Initialising resource group dim
10:50:04: Parsing scripts for resource group dim
10:50:04: Parsing script dim.material
10:50:04: Finished parsing scripts for resource group dim
10:50:04: Creating resource group stickskelmodels
10:50:04: Added resource location 'C:\Program Files (x86)\Development in Motion\BVHViewer 1.1\bin\release/../../resources/3d/stickskel/' of type 'FileSystem' to resource group 'stickskelmodels'
10:50:04: Initialising resource group stickskelmodels
10:50:04: Parsing scripts for resource group stickskelmodels
10:50:04: Parsing script stickskel.material
10:50:04: Finished parsing scripts for resource group stickskelmodels
10:50:04: Texture: floor.jpg: Loading 1 faces(PF_R8G8B8,512x512x1) with  hardware generated mipmaps from Image. Internal format is PF_X8R8G8B8,512x512x1.
10:50:04: Mesh: Loading sphere.mesh.
10:50:04: Texture: whitestripe.png: Loading 1 faces(PF_A8R8G8B8,600x600x1) with 9 generated mipmaps from Image. Internal format is PF_A8R8G8B8,600x600x1.
10:50:04: D3D9 Device 0x[0A8AE540] entered lost state
10:50:04: D3D9 : WARNING - disabling VSync in windowed mode can cause timing issues at lower frame rates, turn VSync on if you observe this problem.
10:50:04: !!! Direct3D Device successfully restored.
10:50:04: D3D9 device: 0x[0A8AE540] was reset
10:50:30: Removed resource location C:\Program Files (x86)\Development in Motion\BVHViewer 1.1\bin\release/../../resources/3d/stickskel/
10:50:30: Destroying resource group stickskelmodels
10:50:30: Unloading resource group stickskelmodels
10:50:30: Finished unloading resource group stickskelmodels
10:50:30: DefaultWorkQueue('Root') shutting down on thread main.
10:50:30: *-*-* OGRE Shutdown
10:50:30: *-*-* OGRE Shutdown
10:50:30: Unregistering ResourceManager for type Compositor
10:50:30: Unregistering ResourceManager for type Font
10:50:30: Unregistering ResourceManager for type Skeleton
10:50:30: Unregistering ResourceManager for type Mesh
10:50:30: Unregistering ResourceManager for type HighLevelGpuProgram
10:50:30: Uninstalling plugin: D3D9 RenderSystem
10:50:30: D3D9 : Shutting down cleanly.
10:50:30: Unregistering ResourceManager for type Texture
10:50:30: Unregistering ResourceManager for type GpuProgram
10:50:30: D3D9 : Direct3D9 Rendering Subsystem destroyed.
10:50:30: Plugin successfully uninstalled
10:50:30: Unloading library RenderSystem_Direct3D9.dll
10:50:30: Unregistering ResourceManager for type Material
